<?xml version="1.0" encoding="UTF-8"?>
<!-- Generated by org.testng.reporters.JUnitXMLReporter -->
<testsuite ignored="3" hostname="Rishabh" failures="0" tests="2" name="All_SuitTest(failed)" time="14.475" errors="0" timestamp="2024-06-19T18:01:02 IST">
  <testcase classname="testcases.LoginPage2_Test" name="verifyPageURLTest" time="0.742"/>
  <testcase classname="testcases.nventory_Page2_Test" name="remove1productTest" time="0.421"/>
  <testcase classname="testcases.nventory_Page2_Test" name="add2productsTest" time="0.0">
    <ignored/>
  </testcase> <!-- add2productsTest -->
  <testcase classname="testcases.LoginPage2_Test" name="verifyPageTitleTest" time="0.0">
    <ignored/>
  </testcase> <!-- verifyPageTitleTest -->
  <testcase classname="testcases.LoginPage2_Test" name="loginToApplicationTest" time="0.0">
    <ignored/>
  </testcase> <!-- loginToApplicationTest -->
</testsuite> <!-- All_SuitTest(failed) -->
