<?xml version="1.0" encoding="UTF-8"?>
<!-- Generated by org.testng.reporters.JUnitXMLReporter -->
<testsuite ignored="16" hostname="Rishabh" failures="0" tests="3" name="Group_Test" time="22.633" errors="0" timestamp="2024-06-20T13:27:27 IST">
  <testcase classname="testCases.LoginPage_Test" name="loginToApplicationTest" time="2.277"/>
  <testcase classname="testCases.LoginPage_Test" name="verifyURLOfApplicationTest" time="1.193"/>
  <testcase classname="testCases.Inventory_Page_Test" name="verifyTwitterLogoTest" time="0.049"/>
  <testcase classname="testCases.CheckOut_Step_Two_Page_Test" name="verifySauceTxtTest" time="0.0">
    <ignored/>
  </testcase> <!-- verifySauceTxtTest -->
  <testcase classname="testCases.CheckOut_Step_Two_Page_Test" name="verifyDescripTxtTest" time="0.0">
    <ignored/>
  </testcase> <!-- verifyDescripTxtTest -->
  <testcase classname="testCases.CheckOut_Step_Two_Page_Test" name="verifyFacebooklogoTest" time="0.0">
    <ignored/>
  </testcase> <!-- verifyFacebooklogoTest -->
  <testcase classname="testCases.CheckOut_Step_Two_Page_Test" name="verifyTwitterLogoTest" time="0.0">
    <ignored/>
  </testcase> <!-- verifyTwitterLogoTest -->
  <testcase classname="testCases.Inventory_Page_Test" name="verifyPageTitleTest" time="0.0">
    <ignored/>
  </testcase> <!-- verifyPageTitleTest -->
  <testcase classname="testCases.CheckOut_Step_Two_Page_Test" name="VerifyClickOnCancelbtnTest" time="0.0">
    <ignored/>
  </testcase> <!-- VerifyClickOnCancelbtnTest -->
  <testcase classname="testCases.LoginPage_Test" name="verifyTitleOfApplicationTest" time="0.0">
    <ignored/>
  </testcase> <!-- verifyTitleOfApplicationTest -->
  <testcase classname="testCases.CheckOut_Step_Two_Page_Test" name="verifyCheckOutTwoTitleTest" time="0.0">
    <ignored/>
  </testcase> <!-- verifyCheckOutTwoTitleTest -->
  <testcase classname="testCases.CheckOut_Step_Two_Page_Test" name="verifyProductTxt" time="0.0">
    <ignored/>
  </testcase> <!-- verifyProductTxt -->
  <testcase classname="testCases.Inventory_Page_Test" name="remove2ProductsTest" time="0.0">
    <ignored/>
  </testcase> <!-- remove2ProductsTest -->
  <testcase classname="testCases.CheckOut_Step_Two_Page_Test" name="verifyQTYTextTest" time="0.0">
    <ignored/>
  </testcase> <!-- verifyQTYTextTest -->
  <testcase classname="testCases.CheckOut_Step_Two_Page_Test" name="verifyClickOnFinishBtnTest" time="0.0">
    <ignored/>
  </testcase> <!-- verifyClickOnFinishBtnTest -->
  <testcase classname="testCases.CheckOut_Step_Two_Page_Test" name="verifyLinkdinLogoTest" time="0.0">
    <ignored/>
  </testcase> <!-- verifyLinkdinLogoTest -->
  <testcase classname="testCases.Inventory_Page_Test" name="verifybagTitleTest" time="0.0">
    <ignored/>
  </testcase> <!-- verifybagTitleTest -->
  <testcase classname="testCases.CheckOut_Step_Two_Page_Test" name="verifyPaymentTxtTest" time="0.0">
    <ignored/>
  </testcase> <!-- verifyPaymentTxtTest -->
  <testcase classname="testCases.Inventory_Page_Test" name="add6Products" time="0.0">
    <ignored/>
  </testcase> <!-- add6Products -->
</testsuite> <!-- Group_Test -->
