<?xml version="1.0" encoding="UTF-8"?>
<!-- Generated by org.testng.reporters.JUnitXMLReporter -->
<testsuite ignored="0" hostname="Rishabh" failures="2" tests="5" name="All_SuitTest" time="33.766" errors="0" timestamp="2024-06-19T17:58:35 IST">
  <testcase classname="testcases.nventory_Page2_Test" name="add2productsTest" time="0.37"/>
  <testcase classname="testcases.nventory_Page2_Test" name="remove1productTest" time="0.057">
    <failure type="java.lang.NullPointerException" message="Cannot invoke &amp;quot;org.apache.poi.ss.usermodel.Cell.getStringCellValue()&amp;quot; because the return value of &amp;quot;org.apache.poi.ss.usermodel.Row.getCell(int)&amp;quot; is null">
      <![CDATA[java.lang.NullPointerException: Cannot invoke "org.apache.poi.ss.usermodel.Cell.getStringCellValue()" because the return value of "org.apache.poi.ss.usermodel.Row.getCell(int)" is null
at utility.ReadData.inventoryDataFromExcel(ReadData.java:42)
at testcases.nventory_Page2_Test.remove1productTest(nventory_Page2_Test.java:47)
at java.base/java.util.ArrayList.forEach(ArrayList.java:1596)
... Removed 25 stack frames]]>
    </failure>
  </testcase> <!-- remove1productTest -->
  <testcase classname="testcases.LoginPage2_Test" name="loginToApplicationTest" time="0.394"/>
  <testcase classname="testcases.LoginPage2_Test" name="verifyPageTitleTest" time="0.041"/>
  <testcase classname="testcases.LoginPage2_Test" name="verifyPageURLTest" time="0.031">
    <failure type="java.lang.NullPointerException" message="Cannot invoke &amp;quot;org.apache.poi.ss.usermodel.Cell.getStringCellValue()&amp;quot; because the return value of &amp;quot;org.apache.poi.ss.usermodel.Row.getCell(int)&amp;quot; is null">
      <![CDATA[java.lang.NullPointerException: Cannot invoke "org.apache.poi.ss.usermodel.Cell.getStringCellValue()" because the return value of "org.apache.poi.ss.usermodel.Row.getCell(int)" is null
at utility.ReadData.getDataFromExcel(ReadData.java:26)
at testcases.LoginPage2_Test.verifyPageURLTest(LoginPage2_Test.java:34)
at java.base/java.util.ArrayList.forEach(ArrayList.java:1596)
... Removed 25 stack frames]]>
    </failure>
  </testcase> <!-- verifyPageURLTest -->
</testsuite> <!-- All_SuitTest -->
