<?xml version="1.0" encoding="UTF-8"?>
<!-- Generated by org.testng.reporters.JUnitXMLReporter -->
<testsuite ignored="3" hostname="Rishabh" failures="0" tests="1" name="Default test" time="10.969" errors="0" timestamp="2024-06-20T14:25:40 IST">
  <testcase classname="testcases.LoginPage2_Test" name="loginToApplicationTest" time="1.731"/>
  <testcase classname="testcases.LoginPage2_Test" name="verifyPageURLTest" time="0.0">
    <ignored/>
  </testcase> <!-- verifyPageURLTest -->
  <testcase classname="testcases.LoginPage2_Test" name="verifyPageTitleTest" time="0.0">
    <ignored/>
  </testcase> <!-- verifyPageTitleTest -->
  <testcase classname="testcases.LoginPage2_Test" name="multiCredLoginTest" time="0.0">
    <ignored/>
  </testcase> <!-- multiCredLoginTest -->
</testsuite> <!-- Default test -->
