<?xml version="1.0" encoding="UTF-8"?>
<!-- Generated by org.testng.reporters.JUnitXMLReporter -->
<testsuite ignored="2" hostname="Rishabh" failures="0" tests="1" name="Default test" time="25.946" errors="0" timestamp="2024-06-27T17:41:21 IST">
  <testcase classname="testcases.LoginTest_Page1" name="verifyURLOfApplicationTest" time="0.022"/>
  <testcase classname="testcases.LoginTest_Page1" name="loginToApplicationTest" time="0.0">
    <ignored/>
  </testcase> <!-- loginToApplicationTest -->
  <testcase classname="testcases.LoginTest_Page1" name="verifyTitleOfApplicationTest" time="0.0">
    <ignored/>
  </testcase> <!-- verifyTitleOfApplicationTest -->
</testsuite> <!-- Default test -->
