<?xml version="1.0" encoding="UTF-8"?>
<testng-results ignored="3" total="4" passed="1" failed="0" skipped="0">
  <reporter-output>
    <line>
      <![CDATA[After Login URL =https://www.saucedemo.com/inventory.html]]>
    </line>
  </reporter-output>
  <suite started-at="2024-06-20T14:25:29 IST" name="Default suite" finished-at="2024-06-20T14:25:40 IST" duration-ms="10969">
    <groups>
    </groups>
    <test started-at="2024-06-20T14:25:29 IST" name="Default test" finished-at="2024-06-20T14:25:40 IST" duration-ms="10969">
      <class name="testcases.LoginPage2_Test">
        <test-method is-config="true" signature="setUp()[pri:0, instance:testcases.LoginPage2_Test@434a63ab]" started-at="2024-06-20T14:25:29 IST" name="setUp" finished-at="2024-06-20T14:25:37 IST" duration-ms="8023" status="PASS">
          <reporter-output>
          </reporter-output>
        </test-method> <!-- setUp -->
        <test-method signature="loginToApplicationTest()[pri:0, instance:testcases.LoginPage2_Test@434a63ab]" started-at="2024-06-20T14:25:37 IST" name="loginToApplicationTest" finished-at="2024-06-20T14:25:39 IST" duration-ms="1731" status="PASS">
          <reporter-output>
            <line>
              <![CDATA[After Login URL =https://www.saucedemo.com/inventory.html]]>
            </line>
          </reporter-output>
        </test-method> <!-- loginToApplicationTest -->
        <test-method is-config="true" signature="closeBrowser(org.testng.ITestResult)[pri:0, instance:testcases.LoginPage2_Test@434a63ab]" started-at="2024-06-20T14:25:39 IST" name="closeBrowser" finished-at="2024-06-20T14:25:40 IST" duration-ms="1169" status="PASS">
          <params>
            <param index="0">
              <value>
                <![CDATA[[TestResult name=loginToApplicationTest status=SUCCESS method=LoginPage2_Test.loginToApplicationTest()[pri:0, instance:testcases.LoginPage2_Test@434a63ab] output=After Login URL =https://www.saucedemo.com/inventory.html]]]>
              </value>
            </param>
          </params>
          <reporter-output>
          </reporter-output>
        </test-method> <!-- closeBrowser -->
      </class> <!-- testcases.LoginPage2_Test -->
    </test> <!-- Default test -->
  </suite> <!-- Default suite -->
</testng-results>
