<?xml version="1.0" encoding="UTF-8"?>
<testng-results ignored="2" total="3" passed="1" failed="0" skipped="0">
  <reporter-output>
    <line>
      <![CDATA[The URL of SWag lab = https://www.saucedemo.com/]]>
    </line>
  </reporter-output>
  <suite started-at="2024-06-27T17:40:55 IST" name="Default suite" finished-at="2024-06-27T17:41:21 IST" duration-ms="25946">
    <groups>
    </groups>
    <test started-at="2024-06-27T17:40:55 IST" name="Default test" finished-at="2024-06-27T17:41:21 IST" duration-ms="25946">
      <class name="testcases.LoginTest_Page1">
        <test-method is-config="true" signature="setUp()[pri:0, instance:testcases.LoginTest_Page1@44c03695]" started-at="2024-06-27T17:40:55 IST" name="setUp" finished-at="2024-06-27T17:41:21 IST" duration-ms="25251" status="PASS">
          <reporter-output>
          </reporter-output>
        </test-method> <!-- setUp -->
        <test-method signature="verifyURLOfApplicationTest()[pri:0, instance:testcases.LoginTest_Page1@44c03695]" started-at="2024-06-27T17:41:21 IST" name="verifyURLOfApplicationTest" finished-at="2024-06-27T17:41:21 IST" duration-ms="22" status="PASS">
          <reporter-output>
            <line>
              <![CDATA[The URL of SWag lab = https://www.saucedemo.com/]]>
            </line>
          </reporter-output>
        </test-method> <!-- verifyURLOfApplicationTest -->
        <test-method is-config="true" signature="closeBrowser()[pri:0, instance:testcases.LoginTest_Page1@44c03695]" started-at="2024-06-27T17:41:21 IST" name="closeBrowser" finished-at="2024-06-27T17:41:21 IST" duration-ms="620" status="PASS">
          <reporter-output>
          </reporter-output>
        </test-method> <!-- closeBrowser -->
      </class> <!-- testcases.LoginTest_Page1 -->
    </test> <!-- Default test -->
  </suite> <!-- Default suite -->
</testng-results>
