<?xml version="1.0" encoding="UTF-8"?>
<!-- Generated by org.testng.reporters.JUnitXMLReporter -->
<testsuite ignored="2" hostname="Rishabh" failures="0" tests="1" name="Default test" time="16.286" errors="0" timestamp="2024-06-20T14:06:15 IST">
  <testcase classname="testCases.LoginPage_Test" name="loginToApplicationTest" time="1.458"/>
  <testcase classname="testCases.LoginPage_Test" name="verifyTitleOfApplicationTest" time="0.0">
    <ignored/>
  </testcase> <!-- verifyTitleOfApplicationTest -->
  <testcase classname="testCases.LoginPage_Test" name="verifyURLOfApplicationTest" time="0.0">
    <ignored/>
  </testcase> <!-- verifyURLOfApplicationTest -->
</testsuite> <!-- Default test -->
