<?xml version="1.0" encoding="UTF-8"?>
<testng-results ignored="2" total="3" passed="1" failed="0" skipped="0">
  <reporter-output>
    <line>
      <![CDATA[Login Successful= https://www.saucedemo.com/inventory.html]]>
    </line>
  </reporter-output>
  <suite started-at="2024-06-20T14:05:59 IST" name="Default suite" finished-at="2024-06-20T14:06:15 IST" duration-ms="16286">
    <groups>
      <group name="Sanity">
        <method signature="LoginPage_Test.loginToApplicationTest()[pri:0, instance:testCases.LoginPage_Test@306e95ec]" name="loginToApplicationTest" class="testCases.LoginPage_Test"/>
      </group> <!-- Sanity -->
    </groups>
    <test started-at="2024-06-20T14:05:59 IST" name="Default test" finished-at="2024-06-20T14:06:15 IST" duration-ms="16286">
      <class name="testCases.LoginPage_Test">
        <test-method is-config="true" signature="setUp()[pri:0, instance:testCases.LoginPage_Test@306e95ec]" started-at="2024-06-20T14:05:59 IST" name="setUp" finished-at="2024-06-20T14:06:09 IST" duration-ms="10364" status="PASS">
          <reporter-output>
          </reporter-output>
        </test-method> <!-- setUp -->
        <test-method signature="loginToApplicationTest()[pri:0, instance:testCases.LoginPage_Test@306e95ec]" started-at="2024-06-20T14:06:09 IST" name="loginToApplicationTest" finished-at="2024-06-20T14:06:11 IST" duration-ms="1458" status="PASS">
          <reporter-output>
            <line>
              <![CDATA[Login Successful= https://www.saucedemo.com/inventory.html]]>
            </line>
          </reporter-output>
        </test-method> <!-- loginToApplicationTest -->
        <test-method is-config="true" signature="closeBrowser(org.testng.ITestResult)[pri:0, instance:testCases.LoginPage_Test@306e95ec]" started-at="2024-06-20T14:06:11 IST" name="closeBrowser" finished-at="2024-06-20T14:06:15 IST" duration-ms="4427" status="PASS">
          <params>
            <param index="0">
              <value>
                <![CDATA[[TestResult name=loginToApplicationTest status=SUCCESS method=LoginPage_Test.loginToApplicationTest()[pri:0, instance:testCases.LoginPage_Test@306e95ec] output=Login Successful= https://www.saucedemo.com/inventory.html]]]>
              </value>
            </param>
          </params>
          <reporter-output>
          </reporter-output>
        </test-method> <!-- closeBrowser -->
      </class> <!-- testCases.LoginPage_Test -->
    </test> <!-- Default test -->
  </suite> <!-- Default suite -->
</testng-results>
